[2018-08-21 21:43:48,795: WARNING/ForkPoolWorker-2] __init__() takes at most 4 positional arguments (5 given)
[2018-08-21 21:43:50,157: INFO/ForkPoolWorker-2] Received token response with no refresh_token. Consider reauthenticating with prompt='consent'.
[2018-08-21 21:43:50,158: INFO/ForkPoolWorker-2] Successfully retrieved access token
[2018-08-21 21:43:50,164: INFO/ForkPoolWorker-2] URL being requested: GET https://www.googleapis.com/discovery/v1/apis/sheets/v4/rest
[2018-08-21 21:43:52,661: INFO/ForkPoolWorker-2] URL being requested: GET https://sheets.googleapis.com/v4/spreadsheets/19wclGjGfTTeX1QktXyW7jm1kgC6dZVrSehhVR7i5Rso?alt=json
[2018-08-21 21:43:54,570: INFO/ForkPoolWorker-2] URL being requested: GET https://sheets.googleapis.com/v4/spreadsheets/19wclGjGfTTeX1QktXyW7jm1kgC6dZVrSehhVR7i5Rso/values/Sheet1%21A3%3AA1000?alt=json
[2018-08-21 21:43:55,307: WARNING/ForkPoolWorker-2] http://iskme.org/media/in_the_news/college-libraries-ontario-launch-oer-toolkit
[2018-08-21 21:44:01,110: WARNING/ForkPoolWorker-2] job_id :
[2018-08-21 21:44:01,110: WARNING/ForkPoolWorker-2] 96ea50ef-678a-47c9-8d51-613627de0aeb
[2018-08-21 21:44:12,172: INFO/ForkPoolWorker-2] URL being requested: PUT https://sheets.googleapis.com/v4/spreadsheets/19wclGjGfTTeX1QktXyW7jm1kgC6dZVrSehhVR7i5Rso/values/Sheet1%21B3%3AD3?valueInputOption=RAW&alt=json
[2018-08-21 21:44:12,845: WARNING/ForkPoolWorker-2] http://iskme.org/media/in_the_news/open-educational-resources-top-hat-why-free-now-means-free
[2018-08-21 21:44:15,854: WARNING/ForkPoolWorker-2] job_id :
[2018-08-21 21:44:15,854: WARNING/ForkPoolWorker-2] 4812f094-5e7e-4c0f-88cc-e50619782ba4
[2018-08-21 21:44:26,917: INFO/ForkPoolWorker-2] URL being requested: PUT https://sheets.googleapis.com/v4/spreadsheets/19wclGjGfTTeX1QktXyW7jm1kgC6dZVrSehhVR7i5Rso/values/Sheet1%21B4%3AD4?valueInputOption=RAW&alt=json
[2018-08-21 21:44:27,585: WARNING/ForkPoolWorker-2] http://iskme.org/media/in_the_news/can-profit-venture-backed-company-keep-oer-free%E2%80%94and-be-financially-sustainable
[2018-08-21 21:44:30,754: WARNING/ForkPoolWorker-2] job_id :
[2018-08-21 21:44:30,754: WARNING/ForkPoolWorker-2] 942149d6-b52e-409b-b9d7-c2a123fda99d
[2018-08-21 21:44:41,842: INFO/ForkPoolWorker-2] URL being requested: PUT https://sheets.googleapis.com/v4/spreadsheets/19wclGjGfTTeX1QktXyW7jm1kgC6dZVrSehhVR7i5Rso/values/Sheet1%21B5%3AD5?valueInputOption=RAW&alt=json
[2018-08-21 21:44:42,525: WARNING/ForkPoolWorker-2] http://iskme.org/media/in_the_news/feds-come-around-oer-slowly
[2018-08-21 21:44:45,620: WARNING/ForkPoolWorker-2] job_id :
[2018-08-21 21:44:45,620: WARNING/ForkPoolWorker-2] 467a2a4e-d507-4e92-b3b5-16701eba9a2c
[2018-08-21 21:44:56,666: INFO/ForkPoolWorker-2] URL being requested: PUT https://sheets.googleapis.com/v4/spreadsheets/19wclGjGfTTeX1QktXyW7jm1kgC6dZVrSehhVR7i5Rso/values/Sheet1%21B6%3AD6?valueInputOption=RAW&alt=json
[2018-08-21 21:44:57,332: WARNING/ForkPoolWorker-2] http://iskme.org/media/in_the_news/open-educational-resources-movement-scales
[2018-08-21 21:45:00,342: WARNING/ForkPoolWorker-2] job_id :
[2018-08-21 21:45:00,342: WARNING/ForkPoolWorker-2] 22c6a016-2942-4992-970e-7b6b81a31f78
[2018-08-21 21:45:11,393: INFO/ForkPoolWorker-2] URL being requested: PUT https://sheets.googleapis.com/v4/spreadsheets/19wclGjGfTTeX1QktXyW7jm1kgC6dZVrSehhVR7i5Rso/values/Sheet1%21B7%3AD7?valueInputOption=RAW&alt=json
[2018-08-21 21:45:12,081: WARNING/ForkPoolWorker-2] http://iskme.org/media/in_the_news/big-%E2%80%98open%E2%80%99-educational-resources-provider-joins-forces-microsoft
[2018-08-21 21:45:15,195: WARNING/ForkPoolWorker-2] job_id :
[2018-08-21 21:45:15,195: WARNING/ForkPoolWorker-2] dbaa7129-34b3-46b4-8c85-641f25a50fd4
[2018-08-21 21:45:26,452: INFO/ForkPoolWorker-2] URL being requested: PUT https://sheets.googleapis.com/v4/spreadsheets/19wclGjGfTTeX1QktXyW7jm1kgC6dZVrSehhVR7i5Rso/values/Sheet1%21B8%3AD8?valueInputOption=RAW&alt=json
[2018-08-21 21:45:26,949: WARNING/ForkPoolWorker-2] http://iskme.org/media/in_the_news/one-example-nonprofit-moving-scale-through-collaborative-network
[2018-08-21 21:45:30,121: WARNING/ForkPoolWorker-2] job_id :
[2018-08-21 21:45:30,122: WARNING/ForkPoolWorker-2] fdd77dc0-96e4-497d-a6d9-b93f6391a6a3
[2018-08-21 21:45:41,178: INFO/ForkPoolWorker-2] URL being requested: PUT https://sheets.googleapis.com/v4/spreadsheets/19wclGjGfTTeX1QktXyW7jm1kgC6dZVrSehhVR7i5Rso/values/Sheet1%21B9%3AD9?valueInputOption=RAW&alt=json
[2018-08-21 21:45:41,983: WARNING/ForkPoolWorker-2] http://iskme.org/media/in_the_news/feds-pick-california-nonprofit-partner-open-educational-resources-project
[2018-08-21 21:45:45,051: WARNING/ForkPoolWorker-2] job_id :
[2018-08-21 21:45:45,051: WARNING/ForkPoolWorker-2] 2362974d-e92c-4aef-b53f-339f994625ed
[2018-08-21 21:45:56,120: INFO/ForkPoolWorker-2] URL being requested: PUT https://sheets.googleapis.com/v4/spreadsheets/19wclGjGfTTeX1QktXyW7jm1kgC6dZVrSehhVR7i5Rso/values/Sheet1%21B10%3AD10?valueInputOption=RAW&alt=json
[2018-08-21 21:45:56,786: WARNING/ForkPoolWorker-2] http://iskme.org/media/in_the_news/growing-goopen-us-department-education-announces-new-partner-and-plans-expand-goop
[2018-08-21 21:46:00,486: WARNING/ForkPoolWorker-2] job_id :
[2018-08-21 21:46:00,487: WARNING/ForkPoolWorker-2] 83751840-fdcd-4b54-9d3c-9519a6fcfdd8
[2018-08-21 21:46:11,578: INFO/ForkPoolWorker-2] URL being requested: PUT https://sheets.googleapis.com/v4/spreadsheets/19wclGjGfTTeX1QktXyW7jm1kgC6dZVrSehhVR7i5Rso/values/Sheet1%21B11%3AD11?valueInputOption=RAW&alt=json
[2018-08-21 21:46:12,249: INFO/ForkPoolWorker-2] Task home.tasks.process_doc[e63f1975-20f9-4465-826b-c9e4091eb7ed] succeeded in 143.45386124000288s: None
[2018-08-22 06:59:55,634: WARNING/ForkPoolWorker-2] __init__() takes at most 4 positional arguments (5 given)
[2018-08-22 06:59:57,191: INFO/ForkPoolWorker-2] Received token response with no refresh_token. Consider reauthenticating with prompt='consent'.
[2018-08-22 06:59:57,191: INFO/ForkPoolWorker-2] Successfully retrieved access token
[2018-08-22 06:59:57,199: INFO/ForkPoolWorker-2] URL being requested: GET https://www.googleapis.com/discovery/v1/apis/sheets/v4/rest
[2018-08-22 06:59:59,361: INFO/ForkPoolWorker-2] URL being requested: GET https://sheets.googleapis.com/v4/spreadsheets/19wclGjGfTTeX1QktXyW7jm1kgC6dZVrSehhVR7i5Rso?alt=json
[2018-08-22 07:00:01,367: INFO/ForkPoolWorker-2] URL being requested: GET https://sheets.googleapis.com/v4/spreadsheets/19wclGjGfTTeX1QktXyW7jm1kgC6dZVrSehhVR7i5Rso/values/Sheet1%21A3%3AA1000?alt=json
[2018-08-22 07:00:02,021: WARNING/ForkPoolWorker-2] http://iskme.org/media/in_the_news/college-libraries-ontario-launch-oer-toolkit
[2018-08-22 07:00:06,824: WARNING/ForkPoolWorker-2] job_id :
[2018-08-22 07:00:06,824: WARNING/ForkPoolWorker-2] 8502bace-e7c7-4748-bd84-2d4610f3528a
[2018-08-22 07:00:17,673: INFO/ForkPoolWorker-2] URL being requested: PUT https://sheets.googleapis.com/v4/spreadsheets/19wclGjGfTTeX1QktXyW7jm1kgC6dZVrSehhVR7i5Rso/values/Sheet1%21B3%3AD3?valueInputOption=RAW&alt=json
[2018-08-22 07:00:18,537: WARNING/ForkPoolWorker-2] http://iskme.org/media/in_the_news/open-educational-resources-top-hat-why-free-now-means-free
[2018-08-22 07:00:21,372: WARNING/ForkPoolWorker-2] job_id :
[2018-08-22 07:00:21,372: WARNING/ForkPoolWorker-2] de21457c-53af-40af-807b-72879bea1def
[2018-08-22 07:00:32,569: INFO/ForkPoolWorker-2] URL being requested: PUT https://sheets.googleapis.com/v4/spreadsheets/19wclGjGfTTeX1QktXyW7jm1kgC6dZVrSehhVR7i5Rso/values/Sheet1%21B4%3AD4?valueInputOption=RAW&alt=json
[2018-08-22 07:00:33,404: WARNING/ForkPoolWorker-2] http://iskme.org/media/in_the_news/can-profit-venture-backed-company-keep-oer-free%E2%80%94and-be-financially-sustainable
[2018-08-22 07:00:36,280: WARNING/ForkPoolWorker-2] job_id :
[2018-08-22 07:00:36,280: WARNING/ForkPoolWorker-2] c9114154-d46a-4c65-97a2-b7d69bbed814
[2018-08-22 07:00:47,199: INFO/ForkPoolWorker-2] URL being requested: PUT https://sheets.googleapis.com/v4/spreadsheets/19wclGjGfTTeX1QktXyW7jm1kgC6dZVrSehhVR7i5Rso/values/Sheet1%21B5%3AD5?valueInputOption=RAW&alt=json
[2018-08-22 07:00:47,942: WARNING/ForkPoolWorker-2] http://iskme.org/media/in_the_news/feds-come-around-oer-slowly
[2018-08-22 07:00:50,493: WARNING/ForkPoolWorker-2] job_id :
[2018-08-22 07:00:50,493: WARNING/ForkPoolWorker-2] fb7308ed-e9a1-4726-9288-d156866ea343
[2018-08-22 07:01:01,600: INFO/ForkPoolWorker-2] URL being requested: PUT https://sheets.googleapis.com/v4/spreadsheets/19wclGjGfTTeX1QktXyW7jm1kgC6dZVrSehhVR7i5Rso/values/Sheet1%21B6%3AD6?valueInputOption=RAW&alt=json
[2018-08-22 07:01:02,108: WARNING/ForkPoolWorker-2] http://iskme.org/media/in_the_news/open-educational-resources-movement-scales
[2018-08-22 07:01:04,391: WARNING/ForkPoolWorker-2] job_id :
[2018-08-22 07:01:04,391: WARNING/ForkPoolWorker-2] 995494b7-ffaf-4625-99af-4ba2866ef8b7
[2018-08-22 07:01:15,686: INFO/ForkPoolWorker-2] URL being requested: PUT https://sheets.googleapis.com/v4/spreadsheets/19wclGjGfTTeX1QktXyW7jm1kgC6dZVrSehhVR7i5Rso/values/Sheet1%21B7%3AD7?valueInputOption=RAW&alt=json
[2018-08-22 07:01:16,392: WARNING/ForkPoolWorker-2] http://iskme.org/media/in_the_news/big-%E2%80%98open%E2%80%99-educational-resources-provider-joins-forces-microsoft
[2018-08-22 07:01:19,724: WARNING/ForkPoolWorker-2] job_id :
[2018-08-22 07:01:19,724: WARNING/ForkPoolWorker-2] bb87a988-c512-47bd-822d-6962931bb429
[2018-08-22 07:01:30,840: INFO/ForkPoolWorker-2] URL being requested: PUT https://sheets.googleapis.com/v4/spreadsheets/19wclGjGfTTeX1QktXyW7jm1kgC6dZVrSehhVR7i5Rso/values/Sheet1%21B8%3AD8?valueInputOption=RAW&alt=json
[2018-08-22 07:01:31,248: WARNING/ForkPoolWorker-2] http://iskme.org/media/in_the_news/one-example-nonprofit-moving-scale-through-collaborative-network
[2018-08-22 07:01:33,813: WARNING/ForkPoolWorker-2] job_id :
[2018-08-22 07:01:33,813: WARNING/ForkPoolWorker-2] 55f43d32-8ec7-4475-9ef6-1acdac7af9a7
[2018-08-22 07:01:44,772: INFO/ForkPoolWorker-2] URL being requested: PUT https://sheets.googleapis.com/v4/spreadsheets/19wclGjGfTTeX1QktXyW7jm1kgC6dZVrSehhVR7i5Rso/values/Sheet1%21B9%3AD9?valueInputOption=RAW&alt=json
[2018-08-22 07:01:45,275: WARNING/ForkPoolWorker-2] http://iskme.org/media/in_the_news/feds-pick-california-nonprofit-partner-open-educational-resources-project
[2018-08-22 07:01:47,968: WARNING/ForkPoolWorker-2] job_id :
[2018-08-22 07:01:47,969: WARNING/ForkPoolWorker-2] ce329dd4-84f3-4e37-937e-03d75aa86204
[2018-08-22 07:01:59,685: INFO/ForkPoolWorker-2] URL being requested: PUT https://sheets.googleapis.com/v4/spreadsheets/19wclGjGfTTeX1QktXyW7jm1kgC6dZVrSehhVR7i5Rso/values/Sheet1%21B10%3AD10?valueInputOption=RAW&alt=json
[2018-08-22 07:02:00,177: WARNING/ForkPoolWorker-2] http://iskme.org/media/in_the_news/growing-goopen-us-department-education-announces-new-partner-and-plans-expand-goop
[2018-08-22 07:02:04,082: WARNING/ForkPoolWorker-2] job_id :
[2018-08-22 07:02:04,083: WARNING/ForkPoolWorker-2] 9dbe9bfd-e1e6-433d-8482-23bc32bb1393
[2018-08-22 07:02:15,300: INFO/ForkPoolWorker-2] URL being requested: PUT https://sheets.googleapis.com/v4/spreadsheets/19wclGjGfTTeX1QktXyW7jm1kgC6dZVrSehhVR7i5Rso/values/Sheet1%21B11%3AD11?valueInputOption=RAW&alt=json
[2018-08-22 07:02:15,840: INFO/ForkPoolWorker-2] Task home.tasks.process_doc[76eb0582-3f71-4b92-9e5d-d094b7dfb096] succeeded in 140.20654622000006s: None
[2018-08-22 07:09:25,753: WARNING/ForkPoolWorker-2] __init__() takes at most 4 positional arguments (5 given)
[2018-08-22 07:09:27,064: INFO/ForkPoolWorker-2] Received token response with no refresh_token. Consider reauthenticating with prompt='consent'.
[2018-08-22 07:09:27,064: INFO/ForkPoolWorker-2] Successfully retrieved access token
[2018-08-22 07:09:27,068: INFO/ForkPoolWorker-2] URL being requested: GET https://www.googleapis.com/discovery/v1/apis/sheets/v4/rest
[2018-08-22 07:09:28,875: INFO/ForkPoolWorker-2] URL being requested: GET https://sheets.googleapis.com/v4/spreadsheets/19wclGjGfTTeX1QktXyW7jm1kgC6dZVrSehhVR7i5Rso?alt=json
[2018-08-22 07:09:30,351: INFO/ForkPoolWorker-2] URL being requested: GET https://sheets.googleapis.com/v4/spreadsheets/19wclGjGfTTeX1QktXyW7jm1kgC6dZVrSehhVR7i5Rso/values/Sheet1%21A3%3AA1000?alt=json
[2018-08-22 07:09:30,735: WARNING/ForkPoolWorker-2] http://iskme.org/media/in_the_news/college-libraries-ontario-launch-oer-toolkit
[2018-08-22 07:09:36,734: WARNING/ForkPoolWorker-2] job_id :
[2018-08-22 07:09:36,734: WARNING/ForkPoolWorker-2] 54eafdf5-4078-4d20-ab9d-b5ab3c6cb5a5
[2018-08-22 07:09:47,434: INFO/ForkPoolWorker-2] URL being requested: PUT https://sheets.googleapis.com/v4/spreadsheets/19wclGjGfTTeX1QktXyW7jm1kgC6dZVrSehhVR7i5Rso/values/Sheet1%21B3%3AD3?valueInputOption=RAW&alt=json
[2018-08-22 07:09:47,854: WARNING/ForkPoolWorker-2] http://iskme.org/media/in_the_news/open-educational-resources-top-hat-why-free-now-means-free
[2018-08-22 07:09:49,772: WARNING/ForkPoolWorker-2] job_id :
[2018-08-22 07:09:49,772: WARNING/ForkPoolWorker-2] 6ff047d1-9e72-4645-8744-28a0359c1e45
[2018-08-22 07:10:00,534: INFO/ForkPoolWorker-2] URL being requested: PUT https://sheets.googleapis.com/v4/spreadsheets/19wclGjGfTTeX1QktXyW7jm1kgC6dZVrSehhVR7i5Rso/values/Sheet1%21B4%3AD4?valueInputOption=RAW&alt=json
[2018-08-22 07:10:00,958: WARNING/ForkPoolWorker-2] http://iskme.org/media/in_the_news/can-profit-venture-backed-company-keep-oer-free%E2%80%94and-be-financially-sustainable
[2018-08-22 07:10:02,808: WARNING/ForkPoolWorker-2] job_id :
[2018-08-22 07:10:02,809: WARNING/ForkPoolWorker-2] 2a4b68af-74dc-4b84-9079-758b3d97ecaa
[2018-08-22 07:10:13,529: INFO/ForkPoolWorker-2] URL being requested: PUT https://sheets.googleapis.com/v4/spreadsheets/19wclGjGfTTeX1QktXyW7jm1kgC6dZVrSehhVR7i5Rso/values/Sheet1%21B5%3AD5?valueInputOption=RAW&alt=json
[2018-08-22 07:10:13,987: WARNING/ForkPoolWorker-2] http://iskme.org/media/in_the_news/feds-come-around-oer-slowly
[2018-08-22 07:10:15,890: WARNING/ForkPoolWorker-2] job_id :
[2018-08-22 07:10:15,891: WARNING/ForkPoolWorker-2] 13fa35eb-0f15-4288-8b30-40f675e8bd74
[2018-08-22 07:10:26,688: INFO/ForkPoolWorker-2] URL being requested: PUT https://sheets.googleapis.com/v4/spreadsheets/19wclGjGfTTeX1QktXyW7jm1kgC6dZVrSehhVR7i5Rso/values/Sheet1%21B6%3AD6?valueInputOption=RAW&alt=json
[2018-08-22 07:10:27,113: WARNING/ForkPoolWorker-2] http://iskme.org/media/in_the_news/open-educational-resources-movement-scales
[2018-08-22 07:10:29,784: WARNING/ForkPoolWorker-2] job_id :
[2018-08-22 07:10:29,784: WARNING/ForkPoolWorker-2] de0529e4-362f-4e24-9f6e-e07badcf32e6
[2018-08-22 07:10:40,965: INFO/ForkPoolWorker-2] URL being requested: PUT https://sheets.googleapis.com/v4/spreadsheets/19wclGjGfTTeX1QktXyW7jm1kgC6dZVrSehhVR7i5Rso/values/Sheet1%21B7%3AD7?valueInputOption=RAW&alt=json
[2018-08-22 07:10:41,367: WARNING/ForkPoolWorker-2] http://iskme.org/media/in_the_news/big-%E2%80%98open%E2%80%99-educational-resources-provider-joins-forces-microsoft
[2018-08-22 07:10:43,259: WARNING/ForkPoolWorker-2] job_id :
[2018-08-22 07:10:43,259: WARNING/ForkPoolWorker-2] f7698ca4-27ec-4710-9103-6d9934c59755
[2018-08-22 07:10:54,569: INFO/ForkPoolWorker-2] URL being requested: PUT https://sheets.googleapis.com/v4/spreadsheets/19wclGjGfTTeX1QktXyW7jm1kgC6dZVrSehhVR7i5Rso/values/Sheet1%21B8%3AD8?valueInputOption=RAW&alt=json
[2018-08-22 07:10:54,942: WARNING/ForkPoolWorker-2] http://iskme.org/media/in_the_news/one-example-nonprofit-moving-scale-through-collaborative-network
[2018-08-22 07:10:56,805: WARNING/ForkPoolWorker-2] job_id :
[2018-08-22 07:10:56,805: WARNING/ForkPoolWorker-2] 1f9a84e3-0a90-46d5-a0d5-8b18cf5fedb8
[2018-08-22 07:11:07,548: INFO/ForkPoolWorker-2] URL being requested: PUT https://sheets.googleapis.com/v4/spreadsheets/19wclGjGfTTeX1QktXyW7jm1kgC6dZVrSehhVR7i5Rso/values/Sheet1%21B9%3AD9?valueInputOption=RAW&alt=json
[2018-08-22 07:11:07,944: WARNING/ForkPoolWorker-2] http://iskme.org/media/in_the_news/feds-pick-california-nonprofit-partner-open-educational-resources-project
[2018-08-22 07:11:10,060: WARNING/ForkPoolWorker-2] job_id :
[2018-08-22 07:11:10,060: WARNING/ForkPoolWorker-2] 1c681119-78f1-4d3d-a754-e091297af286
[2018-08-22 07:11:20,782: INFO/ForkPoolWorker-2] URL being requested: PUT https://sheets.googleapis.com/v4/spreadsheets/19wclGjGfTTeX1QktXyW7jm1kgC6dZVrSehhVR7i5Rso/values/Sheet1%21B10%3AD10?valueInputOption=RAW&alt=json
[2018-08-22 07:11:21,179: WARNING/ForkPoolWorker-2] http://iskme.org/media/in_the_news/growing-goopen-us-department-education-announces-new-partner-and-plans-expand-goop
[2018-08-22 07:11:23,238: WARNING/ForkPoolWorker-2] job_id :
[2018-08-22 07:11:23,238: WARNING/ForkPoolWorker-2] 74622a3d-e2ce-4da7-86e3-20625074bd55
[2018-08-22 07:11:33,922: INFO/ForkPoolWorker-2] URL being requested: PUT https://sheets.googleapis.com/v4/spreadsheets/19wclGjGfTTeX1QktXyW7jm1kgC6dZVrSehhVR7i5Rso/values/Sheet1%21B11%3AD11?valueInputOption=RAW&alt=json
[2018-08-22 07:11:34,316: INFO/ForkPoolWorker-2] Task home.tasks.process_doc[c1498662-8401-4b3b-95a2-4f231f268cfd] succeeded in 128.56299281600013s: None
[2018-08-22 07:12:18,225: WARNING/ForkPoolWorker-2] __init__() takes at most 4 positional arguments (5 given)
[2018-08-22 07:12:19,573: INFO/ForkPoolWorker-2] Received token response with no refresh_token. Consider reauthenticating with prompt='consent'.
[2018-08-22 07:12:19,574: INFO/ForkPoolWorker-2] Successfully retrieved access token
[2018-08-22 07:12:19,580: INFO/ForkPoolWorker-2] URL being requested: GET https://www.googleapis.com/discovery/v1/apis/sheets/v4/rest
[2018-08-22 07:12:21,408: INFO/ForkPoolWorker-2] URL being requested: GET https://sheets.googleapis.com/v4/spreadsheets/19wclGjGfTTeX1QktXyW7jm1kgC6dZVrSehhVR7i5Rso?alt=json
[2018-08-22 07:12:23,006: INFO/ForkPoolWorker-2] URL being requested: GET https://sheets.googleapis.com/v4/spreadsheets/19wclGjGfTTeX1QktXyW7jm1kgC6dZVrSehhVR7i5Rso/values/Sheet1%21A3%3AA1000?alt=json
[2018-08-22 07:12:25,371: WARNING/ForkPoolWorker-2] job_id :
[2018-08-22 07:12:25,372: WARNING/ForkPoolWorker-2] 25fe88fd-643d-4592-a79a-ec55af34471e
[2018-08-22 07:12:36,085: INFO/ForkPoolWorker-2] URL being requested: PUT https://sheets.googleapis.com/v4/spreadsheets/19wclGjGfTTeX1QktXyW7jm1kgC6dZVrSehhVR7i5Rso/values/Sheet1%21B3%3AD3?valueInputOption=RAW&alt=json
[2018-08-22 07:12:38,308: WARNING/ForkPoolWorker-2] job_id :
[2018-08-22 07:12:38,309: WARNING/ForkPoolWorker-2] 9731efaa-7e18-442c-8bca-a26180086b6e
[2018-08-22 07:12:49,002: INFO/ForkPoolWorker-2] URL being requested: PUT https://sheets.googleapis.com/v4/spreadsheets/19wclGjGfTTeX1QktXyW7jm1kgC6dZVrSehhVR7i5Rso/values/Sheet1%21B4%3AD4?valueInputOption=RAW&alt=json
[2018-08-22 07:12:51,399: WARNING/ForkPoolWorker-2] job_id :
[2018-08-22 07:12:51,399: WARNING/ForkPoolWorker-2] 1e51dfc6-8d2d-45da-8611-4c34e4bf4107
[2018-08-22 07:13:02,119: INFO/ForkPoolWorker-2] URL being requested: PUT https://sheets.googleapis.com/v4/spreadsheets/19wclGjGfTTeX1QktXyW7jm1kgC6dZVrSehhVR7i5Rso/values/Sheet1%21B5%3AD5?valueInputOption=RAW&alt=json
[2018-08-22 07:13:04,424: WARNING/ForkPoolWorker-2] job_id :
[2018-08-22 07:13:04,424: WARNING/ForkPoolWorker-2] de0fe952-2c69-475b-b25b-305bfb14e928
[2018-08-22 07:13:15,118: INFO/ForkPoolWorker-2] URL being requested: PUT https://sheets.googleapis.com/v4/spreadsheets/19wclGjGfTTeX1QktXyW7jm1kgC6dZVrSehhVR7i5Rso/values/Sheet1%21B6%3AD6?valueInputOption=RAW&alt=json
[2018-08-22 07:13:18,386: WARNING/ForkPoolWorker-2] job_id :
[2018-08-22 07:13:18,386: WARNING/ForkPoolWorker-2] f50475d5-3bfa-4a81-9c29-684a3312a082
[2018-08-22 07:13:29,086: INFO/ForkPoolWorker-2] URL being requested: PUT https://sheets.googleapis.com/v4/spreadsheets/19wclGjGfTTeX1QktXyW7jm1kgC6dZVrSehhVR7i5Rso/values/Sheet1%21B7%3AD7?valueInputOption=RAW&alt=json
[2018-08-22 07:13:37,647: WARNING/ForkPoolWorker-2] job_id :
[2018-08-22 07:13:37,647: WARNING/ForkPoolWorker-2] 821b8e21-d212-43d1-82f2-e42eee8309d5
[2018-08-22 07:13:48,341: INFO/ForkPoolWorker-2] URL being requested: PUT https://sheets.googleapis.com/v4/spreadsheets/19wclGjGfTTeX1QktXyW7jm1kgC6dZVrSehhVR7i5Rso/values/Sheet1%21B8%3AD8?valueInputOption=RAW&alt=json
[2018-08-22 07:13:50,632: WARNING/ForkPoolWorker-2] job_id :
[2018-08-22 07:13:50,632: WARNING/ForkPoolWorker-2] 2e64561f-162f-40e8-ab04-c53a7c8770bd
[2018-08-22 07:14:01,360: INFO/ForkPoolWorker-2] URL being requested: PUT https://sheets.googleapis.com/v4/spreadsheets/19wclGjGfTTeX1QktXyW7jm1kgC6dZVrSehhVR7i5Rso/values/Sheet1%21B9%3AD9?valueInputOption=RAW&alt=json
[2018-08-22 07:14:03,527: WARNING/ForkPoolWorker-2] job_id :
[2018-08-22 07:14:03,527: WARNING/ForkPoolWorker-2] 87be1d2b-b6c1-423f-bf4e-b5746fd99c37
[2018-08-22 07:14:14,358: INFO/ForkPoolWorker-2] URL being requested: PUT https://sheets.googleapis.com/v4/spreadsheets/19wclGjGfTTeX1QktXyW7jm1kgC6dZVrSehhVR7i5Rso/values/Sheet1%21B10%3AD10?valueInputOption=RAW&alt=json
[2018-08-22 07:14:16,786: WARNING/ForkPoolWorker-2] job_id :
[2018-08-22 07:14:16,787: WARNING/ForkPoolWorker-2] 9678134f-0999-4765-b730-ff2e790c3970
[2018-08-22 07:14:27,648: INFO/ForkPoolWorker-2] URL being requested: PUT https://sheets.googleapis.com/v4/spreadsheets/19wclGjGfTTeX1QktXyW7jm1kgC6dZVrSehhVR7i5Rso/values/Sheet1%21B11%3AD11?valueInputOption=RAW&alt=json
[2018-08-22 07:14:28,047: INFO/ForkPoolWorker-2] Task home.tasks.process_doc[29683f37-290b-4e81-89c7-034a2062d0f9] succeeded in 129.82272432800028s: None
